# JRE version: Java(TM) SE Runtime Environment (26.0+35) (build 26+35-2893)
# Java VM: Java HotSpot(TM) 64-Bit Server VM (26+35-2893, mixed mode, emulated-client, sharing, tiered, compressed oops, compressed class ptrs, g1 gc, windows-amd64)
GC Precious Log:
 CardTable entry size: 512
 Card Set container configuration: InlinePtr #cards 5 size 8 Array Of Cards #cards 10 size 36 Howl #buckets 4 coarsen threshold 1843 Howl Bitmap #cards 512 size 80 coarsen threshold 460 Card regions per heap region 1 cards per card region 2048
 CPUs: 12 total, 12 available
 Memory: 7876M
 Large Page Support: Disabled
 NUMA Support: Disabled
 Compressed Oops: Enabled (32-bit)
 Heap Region Size: 1M
 Heap Min Capacity: 8M
 Heap Initial Capacity: 8M
 Heap Max Capacity: 1970M
 Pre-touch: Disabled
 Parallel Workers: 10
 Concurrent Workers: 3
 Concurrent Refinement Workers: 10
 Periodic GC: Disabled
Heap:
 garbage-first heap   total reserved 2017280K, committed 33792K, used 11687K [0x0000000084e00000, 0x0000000100000000)
  region size 1M, 0 eden (0M), 2 survivor (2M), 8 old (8M), 2 humongous (2M), 21 free (21M)
GC Heap Usage History (15 events):
Event: 0.411 {heap Before GC invocations=0 (full 0):
 garbage-first heap   total reserved 2017280K, committed 10240K, used 4259K [0x0000000084e00000, 0x0000000100000000)
  region size 1M, 4 eden (4M), 0 survivor (0M), 2 old (2M), 1 humongous (1M), 3 free (3M)
}
Event: 0.416 {heap After GC invocations=1 (full 0):
 garbage-first heap   total reserved 2017280K, committed 10240K, used 4653K [0x0000000084e00000, 0x0000000100000000)
  region size 1M, 0 eden (0M), 1 survivor (1M), 4 old (4M), 1 humongous (1M), 4 free (4M)
}
Event: 0.469 {heap Before GC invocations=2 (full 0):
 garbage-first heap   total reserved 2017280K, committed 10240K, used 6701K [0x0000000084e00000, 0x0000000100000000)
  region size 1M, 1 eden (1M), 1 survivor (1M), 4 old (4M), 2 humongous (2M), 2 free (2M)
}
Event: 0.472 {heap After GC invocations=3 (full 0):
 garbage-first heap   total reserved 2017280K, committed 10240K, used 6694K [0x0000000084e00000, 0x0000000100000000)
  region size 1M, 0 eden (0M), 1 survivor (1M), 5 old (5M), 2 humongous (2M), 2 free (2M)
}
Event: 0.551 {heap Before GC invocations=3 (full 0):
 garbage-first heap   total reserved 2017280K, committed 10240K, used 7718K [0x0000000084e00000, 0x0000000100000000)
  region size 1M, 1 eden (1M), 1 survivor (1M), 5 old (5M), 2 humongous (2M), 1 free (1M)
}
Event: 0.554 {heap After GC invocations=4 (full 0):
 garbage-first heap   total reserved 2017280K, committed 33792K, used 7544K [0x0000000084e00000, 0x0000000100000000)
  region size 1M, 0 eden (0M), 1 survivor (1M), 5 old (5M), 2 humongous (2M), 25 free (25M)
}
Event: 1.037 {heap Before GC invocations=4 (full 0):
 garbage-first heap   total reserved 2017280K, committed 33792K, used 15736K [0x0000000084e00000, 0x0000000100000000)
  region size 1M, 9 eden (9M), 1 survivor (1M), 5 old (5M), 2 humongous (2M), 16 free (16M)
}
Event: 1.041 {heap After GC invocations=5 (full 0):
 garbage-first heap   total reserved 2017280K, committed 33792K, used 8696K [0x0000000084e00000, 0x0000000100000000)
  region size 1M, 0 eden (0M), 2 survivor (2M), 5 old (5M), 2 humongous (2M), 24 free (24M)
}
Event: 1.342 {heap Before GC invocations=5 (full 0):
 garbage-first heap   total reserved 2017280K, committed 33792K, used 16888K [0x0000000084e00000, 0x0000000100000000)
  region size 1M, 8 eden (8M), 2 survivor (2M), 5 old (5M), 2 humongous (2M), 16 free (16M)
}
Event: 1.347 {heap After GC invocations=6 (full 0):
 garbage-first heap   total reserved 2017280K, committed 33792K, used 9411K [0x0000000084e00000, 0x0000000100000000)
  region size 1M, 0 eden (0M), 1 survivor (1M), 7 old (7M), 2 humongous (2M), 23 free (23M)
}
Event: 1.580 {heap Before GC invocations=6 (full 0):
 garbage-first heap   total reserved 2017280K, committed 33792K, used 18627K [0x0000000084e00000, 0x0000000100000000)
  region size 1M, 9 eden (9M), 1 survivor (1M), 7 old (7M), 2 humongous (2M), 14 free (14M)
}
Event: 1.586 {heap After GC invocations=7 (full 0):
 garbage-first heap   total reserved 2017280K, committed 33792K, used 10069K [0x0000000084e00000, 0x0000000100000000)
  region size 1M, 0 eden (0M), 2 survivor (2M), 7 old (7M), 2 humongous (2M), 22 free (22M)
}
Event: 1.775 {heap Before GC invocations=7 (full 0):
 garbage-first heap   total reserved 2017280K, committed 33792K, used 20309K [0x0000000084e00000, 0x0000000100000000)
  region size 1M, 10 eden (10M), 2 survivor (2M), 7 old (7M), 2 humongous (2M), 12 free (12M)
}
Event: 1.779 {heap After GC invocations=8 (full 0):
 garbage-first heap   total reserved 2017280K, committed 33792K, used 10692K [0x0000000084e00000, 0x0000000100000000)
  region size 1M, 0 eden (0M), 2 survivor (2M), 8 old (8M), 2 humongous (2M), 21 free (21M)
}
Event: 1.957 {heap Before GC invocations=8 (full 0):
 garbage-first heap   total reserved 2017280K, committed 33792K, used 22980K [0x0000000084e00000, 0x0000000100000000)
  region size 1M, 12 eden (12M), 2 survivor (2M), 8 old (8M), 2 humongous (2M), 9 free (9M)
}

